CRITICAL - 2024-02-24 05:49:54 --> "guestFilter" filter must have a matching alias defined.
in SYSTEMPATH\Filters\Filters.php on line 350.
 1 SYSTEMPATH\Filters\Filters.php(350): CodeIgniter\Filters\Exceptions\FilterException::forNoAlias('guestFilter')
 2 SYSTEMPATH\CodeIgniter.php(459): CodeIgniter\Filters\Filters->enableFilter('guestFilter', 'before')
 3 SYSTEMPATH\CodeIgniter.php(353): CodeIgniter\CodeIgniter->handleRequest(null, Object(Config\Cache), false)
 4 FCPATH\index.php(79): CodeIgniter\CodeIgniter->run()
 5 SYSTEMPATH\Commands\Server\rewrite.php(47): require_once('C:\\laragon\\www\\Colegio_de_PuertoGalera\\public\\index.php')
CRITICAL - 2024-02-24 05:51:36 --> "guestFilter" filter must have a matching alias defined.
in SYSTEMPATH\Filters\Filters.php on line 350.
 1 SYSTEMPATH\Filters\Filters.php(350): CodeIgniter\Filters\Exceptions\FilterException::forNoAlias('guestFilter')
 2 SYSTEMPATH\CodeIgniter.php(459): CodeIgniter\Filters\Filters->enableFilter('guestFilter', 'before')
 3 SYSTEMPATH\CodeIgniter.php(353): CodeIgniter\CodeIgniter->handleRequest(null, Object(Config\Cache), false)
 4 FCPATH\index.php(79): CodeIgniter\CodeIgniter->run()
 5 SYSTEMPATH\Commands\Server\rewrite.php(47): require_once('C:\\laragon\\www\\Colegio_de_PuertoGalera\\public\\index.php')
CRITICAL - 2024-02-24 05:51:39 --> "guestFilter" filter must have a matching alias defined.
in SYSTEMPATH\Filters\Filters.php on line 350.
 1 SYSTEMPATH\Filters\Filters.php(350): CodeIgniter\Filters\Exceptions\FilterException::forNoAlias('guestFilter')
 2 SYSTEMPATH\CodeIgniter.php(459): CodeIgniter\Filters\Filters->enableFilter('guestFilter', 'before')
 3 SYSTEMPATH\CodeIgniter.php(353): CodeIgniter\CodeIgniter->handleRequest(null, Object(Config\Cache), false)
 4 FCPATH\index.php(79): CodeIgniter\CodeIgniter->run()
 5 SYSTEMPATH\Commands\Server\rewrite.php(47): require_once('C:\\laragon\\www\\Colegio_de_PuertoGalera\\public\\index.php')
CRITICAL - 2024-02-24 05:59:16 --> "guestFilter" filter must have a matching alias defined.
in SYSTEMPATH\Filters\Filters.php on line 350.
 1 SYSTEMPATH\Filters\Filters.php(350): CodeIgniter\Filters\Exceptions\FilterException::forNoAlias('guestFilter')
 2 SYSTEMPATH\CodeIgniter.php(459): CodeIgniter\Filters\Filters->enableFilter('guestFilter', 'before')
 3 SYSTEMPATH\CodeIgniter.php(353): CodeIgniter\CodeIgniter->handleRequest(null, Object(Config\Cache), false)
 4 FCPATH\index.php(79): CodeIgniter\CodeIgniter->run()
 5 SYSTEMPATH\Commands\Server\rewrite.php(47): require_once('C:\\laragon\\www\\Colegio_de_PuertoGalera\\public\\index.php')
CRITICAL - 2024-02-24 06:03:30 --> "guestFilter" filter must have a matching alias defined.
in SYSTEMPATH\Filters\Filters.php on line 350.
 1 SYSTEMPATH\Filters\Filters.php(350): CodeIgniter\Filters\Exceptions\FilterException::forNoAlias('guestFilter')
 2 SYSTEMPATH\CodeIgniter.php(459): CodeIgniter\Filters\Filters->enableFilter('guestFilter', 'before')
 3 SYSTEMPATH\CodeIgniter.php(353): CodeIgniter\CodeIgniter->handleRequest(null, Object(Config\Cache), false)
 4 FCPATH\index.php(79): CodeIgniter\CodeIgniter->run()
 5 SYSTEMPATH\Commands\Server\rewrite.php(47): require_once('C:\\laragon\\www\\Colegio_de_PuertoGalera\\public\\index.php')
CRITICAL - 2024-02-24 06:11:49 --> "guestFilter" filter must have a matching alias defined.
in SYSTEMPATH\Filters\Filters.php on line 350.
 1 SYSTEMPATH\Filters\Filters.php(350): CodeIgniter\Filters\Exceptions\FilterException::forNoAlias('guestFilter')
 2 SYSTEMPATH\CodeIgniter.php(459): CodeIgniter\Filters\Filters->enableFilter('guestFilter', 'before')
 3 SYSTEMPATH\CodeIgniter.php(353): CodeIgniter\CodeIgniter->handleRequest(null, Object(Config\Cache), false)
 4 FCPATH\index.php(79): CodeIgniter\CodeIgniter->run()
 5 SYSTEMPATH\Commands\Server\rewrite.php(47): require_once('C:\\laragon\\www\\Colegio_de_PuertoGalera\\public\\index.php')
CRITICAL - 2024-02-24 06:11:52 --> "guestFilter" filter must have a matching alias defined.
in SYSTEMPATH\Filters\Filters.php on line 350.
 1 SYSTEMPATH\Filters\Filters.php(350): CodeIgniter\Filters\Exceptions\FilterException::forNoAlias('guestFilter')
 2 SYSTEMPATH\CodeIgniter.php(459): CodeIgniter\Filters\Filters->enableFilter('guestFilter', 'before')
 3 SYSTEMPATH\CodeIgniter.php(353): CodeIgniter\CodeIgniter->handleRequest(null, Object(Config\Cache), false)
 4 FCPATH\index.php(79): CodeIgniter\CodeIgniter->run()
 5 SYSTEMPATH\Commands\Server\rewrite.php(47): require_once('C:\\laragon\\www\\Colegio_de_PuertoGalera\\public\\index.php')
CRITICAL - 2024-02-24 06:13:06 --> "guestFilter" filter must have a matching alias defined.
in SYSTEMPATH\Filters\Filters.php on line 350.
 1 SYSTEMPATH\Filters\Filters.php(350): CodeIgniter\Filters\Exceptions\FilterException::forNoAlias('guestFilter')
 2 SYSTEMPATH\CodeIgniter.php(459): CodeIgniter\Filters\Filters->enableFilter('guestFilter', 'before')
 3 SYSTEMPATH\CodeIgniter.php(353): CodeIgniter\CodeIgniter->handleRequest(null, Object(Config\Cache), false)
 4 FCPATH\index.php(79): CodeIgniter\CodeIgniter->run()
 5 SYSTEMPATH\Commands\Server\rewrite.php(47): require_once('C:\\laragon\\www\\Colegio_de_PuertoGalera\\public\\index.php')
CRITICAL - 2024-02-24 06:18:14 --> Invalid file: "register.php"
in SYSTEMPATH\Exceptions\FrameworkException.php on line 39.
 1 SYSTEMPATH\View\View.php(214): CodeIgniter\Exceptions\FrameworkException::forInvalidFile('register.php')
 2 SYSTEMPATH\Common.php(1188): CodeIgniter\View\View->render('register', [], true)
 3 APPPATH\Controllers\LoginController.php(40): view('register', [...])
 4 SYSTEMPATH\CodeIgniter.php(919): App\Controllers\LoginController->register()
 5 SYSTEMPATH\CodeIgniter.php(494): CodeIgniter\CodeIgniter->runController(Object(App\Controllers\LoginController))
 6 SYSTEMPATH\CodeIgniter.php(353): CodeIgniter\CodeIgniter->handleRequest(null, Object(Config\Cache), false)
 7 FCPATH\index.php(79): CodeIgniter\CodeIgniter->run()
 8 SYSTEMPATH\Commands\Server\rewrite.php(47): require_once('C:\\laragon\\www\\Colegio_de_PuertoGalera\\public\\index.php')
CRITICAL - 2024-02-24 06:20:17 --> Class "App\Model\UserModel" not found
in APPPATH\Controllers\LoginController.php on line 31.
 1 SYSTEMPATH\CodeIgniter.php(919): App\Controllers\LoginController->register()
 2 SYSTEMPATH\CodeIgniter.php(494): CodeIgniter\CodeIgniter->runController(Object(App\Controllers\LoginController))
 3 SYSTEMPATH\CodeIgniter.php(353): CodeIgniter\CodeIgniter->handleRequest(null, Object(Config\Cache), false)
 4 FCPATH\index.php(79): CodeIgniter\CodeIgniter->run()
 5 SYSTEMPATH\Commands\Server\rewrite.php(47): require_once('C:\\laragon\\www\\Colegio_de_PuertoGalera\\public\\index.php')
