CRITICAL - 2024-03-11 17:06:39 --> Undefined variable $user
in APPPATH\Views\profile_view.php on line 90.
 1 APPPATH\Views\profile_view.php(90): CodeIgniter\Debug\Exceptions->errorHandler(2, 'Undefined variable $user', 'C:\\laragon\\www\\Colegio_de_PuertoGalera\\app\\Views\\profile_view.php', 90)
 2 SYSTEMPATH\View\View.php(226): include('C:\\laragon\\www\\Colegio_de_PuertoGalera\\app\\Views\\profile_view.php')
 3 SYSTEMPATH\View\View.php(229): CodeIgniter\View\View->CodeIgniter\View\{closure}()
 4 SYSTEMPATH\Common.php(1188): CodeIgniter\View\View->render('profile_view', [], true)
 5 APPPATH\Controllers\ProfileController.php(19): view('profile_view', [...])
 6 SYSTEMPATH\CodeIgniter.php(919): App\Controllers\ProfileController->index()
 7 SYSTEMPATH\CodeIgniter.php(494): CodeIgniter\CodeIgniter->runController(Object(App\Controllers\ProfileController))
 8 SYSTEMPATH\CodeIgniter.php(353): CodeIgniter\CodeIgniter->handleRequest(null, Object(Config\Cache), false)
 9 FCPATH\index.php(79): CodeIgniter\CodeIgniter->run()
10 SYSTEMPATH\Commands\Server\rewrite.php(47): require_once('C:\\laragon\\www\\Colegio_de_PuertoGalera\\public\\index.php')
CRITICAL - 2024-03-11 17:17:04 --> Undefined variable $user
in APPPATH\Views\profile_view.php on line 90.
 1 APPPATH\Views\profile_view.php(90): CodeIgniter\Debug\Exceptions->errorHandler(2, 'Undefined variable $user', 'C:\\laragon\\www\\Colegio_de_PuertoGalera\\app\\Views\\profile_view.php', 90)
 2 SYSTEMPATH\View\View.php(226): include('C:\\laragon\\www\\Colegio_de_PuertoGalera\\app\\Views\\profile_view.php')
 3 SYSTEMPATH\View\View.php(229): CodeIgniter\View\View->CodeIgniter\View\{closure}()
 4 SYSTEMPATH\Common.php(1188): CodeIgniter\View\View->render('profile_view', [], true)
 5 APPPATH\Controllers\ProfileController.php(19): view('profile_view', [...])
 6 SYSTEMPATH\CodeIgniter.php(919): App\Controllers\ProfileController->index()
 7 SYSTEMPATH\CodeIgniter.php(494): CodeIgniter\CodeIgniter->runController(Object(App\Controllers\ProfileController))
 8 SYSTEMPATH\CodeIgniter.php(353): CodeIgniter\CodeIgniter->handleRequest(null, Object(Config\Cache), false)
 9 FCPATH\index.php(79): CodeIgniter\CodeIgniter->run()
10 SYSTEMPATH\Commands\Server\rewrite.php(47): require_once('C:\\laragon\\www\\Colegio_de_PuertoGalera\\public\\index.php')
CRITICAL - 2024-03-11 17:18:28 --> Undefined variable $session
in APPPATH\Controllers\ProfileController.php on line 47.
 1 APPPATH\Controllers\ProfileController.php(47): CodeIgniter\Debug\Exceptions->errorHandler(2, 'Undefined variable $session', 'C:\\laragon\\www\\Colegio_de_PuertoGalera\\app\\Controllers\\ProfileController.php', 47)
 2 SYSTEMPATH\CodeIgniter.php(919): App\Controllers\ProfileController->uploadImage()
 3 SYSTEMPATH\CodeIgniter.php(494): CodeIgniter\CodeIgniter->runController(Object(App\Controllers\ProfileController))
 4 SYSTEMPATH\CodeIgniter.php(353): CodeIgniter\CodeIgniter->handleRequest(null, Object(Config\Cache), false)
 5 FCPATH\index.php(79): CodeIgniter\CodeIgniter->run()
 6 SYSTEMPATH\Commands\Server\rewrite.php(47): require_once('C:\\laragon\\www\\Colegio_de_PuertoGalera\\public\\index.php')
