CRITICAL - 2024-04-15 02:14:50 --> Undefined variable $passingScore
in APPPATH\Views\admin\examinationdata.php on line 72.
 1 APPPATH\Views\admin\examinationdata.php(72): CodeIgniter\Debug\Exceptions->errorHandler(2, 'Undefined variable $passingScore', 'C:\\laragon\\www\\Colegio_de_PuertoGalera\\app\\Views\\admin\\examinationdata.php', 72)
 2 SYSTEMPATH\View\View.php(226): include('C:\\laragon\\www\\Colegio_de_PuertoGalera\\app\\Views\\admin\\examinationdata.php')
 3 SYSTEMPATH\View\View.php(229): CodeIgniter\View\View->CodeIgniter\View\{closure}()
 4 SYSTEMPATH\Common.php(1188): CodeIgniter\View\View->render('admin/examinationdata', [], true)
 5 APPPATH\Controllers\ExamController.php(19): view('admin/examinationdata', [...])
 6 SYSTEMPATH\CodeIgniter.php(919): App\Controllers\ExamController->getExamData()
 7 SYSTEMPATH\CodeIgniter.php(494): CodeIgniter\CodeIgniter->runController(Object(App\Controllers\ExamController))
 8 SYSTEMPATH\CodeIgniter.php(353): CodeIgniter\CodeIgniter->handleRequest(null, Object(Config\Cache), false)
 9 FCPATH\index.php(79): CodeIgniter\CodeIgniter->run()
10 SYSTEMPATH\Commands\Server\rewrite.php(47): require_once('C:\\laragon\\www\\Colegio_de_PuertoGalera\\public\\index.php')
CRITICAL - 2024-04-15 02:56:32 --> Undefined variable $events
in APPPATH\Views\include\events.php on line 12.
 1 APPPATH\Views\include\events.php(12): CodeIgniter\Debug\Exceptions->errorHandler(2, 'Undefined variable $events', 'C:\\laragon\\www\\Colegio_de_PuertoGalera\\app\\Views\\include\\events.php', 12)
 2 SYSTEMPATH\View\View.php(226): include('C:\\laragon\\www\\Colegio_de_PuertoGalera\\app\\Views\\include\\events.php')
 3 SYSTEMPATH\View\View.php(229): CodeIgniter\View\View->CodeIgniter\View\{closure}()
 4 SYSTEMPATH\View\View.php(467): CodeIgniter\View\View->render('include/events', null, true)
 5 APPPATH\Views\userpage\index.php(80): CodeIgniter\View\View->include('include/events')
 6 SYSTEMPATH\View\View.php(226): include('C:\\laragon\\www\\Colegio_de_PuertoGalera\\app\\Views\\userpage\\index.php')
 7 SYSTEMPATH\View\View.php(229): CodeIgniter\View\View->CodeIgniter\View\{closure}()
 8 SYSTEMPATH\Common.php(1188): CodeIgniter\View\View->render('userpage/index', [], true)
 9 APPPATH\Controllers\Home.php(15): view('userpage/index', [...])
10 SYSTEMPATH\CodeIgniter.php(919): App\Controllers\Home->index()
11 SYSTEMPATH\CodeIgniter.php(494): CodeIgniter\CodeIgniter->runController(Object(App\Controllers\Home))
12 SYSTEMPATH\CodeIgniter.php(353): CodeIgniter\CodeIgniter->handleRequest(null, Object(Config\Cache), false)
13 FCPATH\index.php(79): CodeIgniter\CodeIgniter->run()
14 SYSTEMPATH\Commands\Server\rewrite.php(47): require_once('C:\\laragon\\www\\Colegio_de_PuertoGalera\\public\\index.php')
CRITICAL - 2024-04-15 02:56:35 --> Undefined variable $events
in APPPATH\Views\include\events.php on line 12.
 1 APPPATH\Views\include\events.php(12): CodeIgniter\Debug\Exceptions->errorHandler(2, 'Undefined variable $events', 'C:\\laragon\\www\\Colegio_de_PuertoGalera\\app\\Views\\include\\events.php', 12)
 2 SYSTEMPATH\View\View.php(226): include('C:\\laragon\\www\\Colegio_de_PuertoGalera\\app\\Views\\include\\events.php')
 3 SYSTEMPATH\View\View.php(229): CodeIgniter\View\View->CodeIgniter\View\{closure}()
 4 SYSTEMPATH\View\View.php(467): CodeIgniter\View\View->render('include/events', null, true)
 5 APPPATH\Views\userpage\index.php(80): CodeIgniter\View\View->include('include/events')
 6 SYSTEMPATH\View\View.php(226): include('C:\\laragon\\www\\Colegio_de_PuertoGalera\\app\\Views\\userpage\\index.php')
 7 SYSTEMPATH\View\View.php(229): CodeIgniter\View\View->CodeIgniter\View\{closure}()
 8 SYSTEMPATH\Common.php(1188): CodeIgniter\View\View->render('userpage/index', [], true)
 9 APPPATH\Controllers\Home.php(15): view('userpage/index', [...])
10 SYSTEMPATH\CodeIgniter.php(919): App\Controllers\Home->index()
11 SYSTEMPATH\CodeIgniter.php(494): CodeIgniter\CodeIgniter->runController(Object(App\Controllers\Home))
12 SYSTEMPATH\CodeIgniter.php(353): CodeIgniter\CodeIgniter->handleRequest(null, Object(Config\Cache), false)
13 FCPATH\index.php(79): CodeIgniter\CodeIgniter->run()
14 SYSTEMPATH\Commands\Server\rewrite.php(47): require_once('C:\\laragon\\www\\Colegio_de_PuertoGalera\\public\\index.php')
CRITICAL - 2024-04-15 03:22:23 --> Class "App\Model\EventsModel" not found
in APPPATH\Controllers\EventController.php on line 26.
 1 SYSTEMPATH\CodeIgniter.php(919): App\Controllers\EventController->store()
 2 SYSTEMPATH\CodeIgniter.php(494): CodeIgniter\CodeIgniter->runController(Object(App\Controllers\EventController))
 3 SYSTEMPATH\CodeIgniter.php(353): CodeIgniter\CodeIgniter->handleRequest(null, Object(Config\Cache), false)
 4 FCPATH\index.php(79): CodeIgniter\CodeIgniter->run()
 5 SYSTEMPATH\Commands\Server\rewrite.php(47): require_once('C:\\laragon\\www\\Colegio_de_PuertoGalera\\public\\index.php')
CRITICAL - 2024-04-15 03:23:43 --> Undefined array key "event_time"
in APPPATH\Views\include\events.php on line 22.
 1 APPPATH\Views\include\events.php(22): CodeIgniter\Debug\Exceptions->errorHandler(2, 'Undefined array key "event_time"', 'C:\\laragon\\www\\Colegio_de_PuertoGalera\\app\\Views\\include\\events.php', 22)
 2 SYSTEMPATH\View\View.php(226): include('C:\\laragon\\www\\Colegio_de_PuertoGalera\\app\\Views\\include\\events.php')
 3 SYSTEMPATH\View\View.php(229): CodeIgniter\View\View->CodeIgniter\View\{closure}()
 4 SYSTEMPATH\View\View.php(467): CodeIgniter\View\View->render('include/events', null, true)
 5 APPPATH\Views\userpage\index.php(80): CodeIgniter\View\View->include('include/events')
 6 SYSTEMPATH\View\View.php(226): include('C:\\laragon\\www\\Colegio_de_PuertoGalera\\app\\Views\\userpage\\index.php')
 7 SYSTEMPATH\View\View.php(229): CodeIgniter\View\View->CodeIgniter\View\{closure}()
 8 SYSTEMPATH\Common.php(1188): CodeIgniter\View\View->render('userpage/index', [], true)
 9 APPPATH\Controllers\Home.php(18): view('userpage/index', [...])
10 SYSTEMPATH\CodeIgniter.php(919): App\Controllers\Home->index()
11 SYSTEMPATH\CodeIgniter.php(494): CodeIgniter\CodeIgniter->runController(Object(App\Controllers\Home))
12 SYSTEMPATH\CodeIgniter.php(353): CodeIgniter\CodeIgniter->handleRequest(null, Object(Config\Cache), false)
13 FCPATH\index.php(79): CodeIgniter\CodeIgniter->run()
14 SYSTEMPATH\Commands\Server\rewrite.php(47): require_once('C:\\laragon\\www\\Colegio_de_PuertoGalera\\public\\index.php')
CRITICAL - 2024-04-15 03:55:43 --> Undefined variable $events
in APPPATH\Views\admin\allevents.php on line 36.
 1 APPPATH\Views\admin\allevents.php(36): CodeIgniter\Debug\Exceptions->errorHandler(2, 'Undefined variable $events', 'C:\\laragon\\www\\Colegio_de_PuertoGalera\\app\\Views\\admin\\allevents.php', 36)
 2 SYSTEMPATH\View\View.php(226): include('C:\\laragon\\www\\Colegio_de_PuertoGalera\\app\\Views\\admin\\allevents.php')
 3 SYSTEMPATH\View\View.php(229): CodeIgniter\View\View->CodeIgniter\View\{closure}()
 4 SYSTEMPATH\Common.php(1188): CodeIgniter\View\View->render('admin/allevents', [], true)
 5 APPPATH\Controllers\EventController.php(52): view('admin/allevents', [...])
 6 SYSTEMPATH\CodeIgniter.php(919): App\Controllers\EventController->allevents()
 7 SYSTEMPATH\CodeIgniter.php(494): CodeIgniter\CodeIgniter->runController(Object(App\Controllers\EventController))
 8 SYSTEMPATH\CodeIgniter.php(353): CodeIgniter\CodeIgniter->handleRequest(null, Object(Config\Cache), false)
 9 FCPATH\index.php(79): CodeIgniter\CodeIgniter->run()
10 SYSTEMPATH\Commands\Server\rewrite.php(47): require_once('C:\\laragon\\www\\Colegio_de_PuertoGalera\\public\\index.php')
CRITICAL - 2024-04-15 04:00:54 --> Call to undefined method App\Controllers\EventController::getAllEvents()
in APPPATH\Controllers\EventController.php on line 47.
 1 SYSTEMPATH\CodeIgniter.php(919): App\Controllers\EventController->allevents()
 2 SYSTEMPATH\CodeIgniter.php(494): CodeIgniter\CodeIgniter->runController(Object(App\Controllers\EventController))
 3 SYSTEMPATH\CodeIgniter.php(353): CodeIgniter\CodeIgniter->handleRequest(null, Object(Config\Cache), false)
 4 FCPATH\index.php(79): CodeIgniter\CodeIgniter->run()
 5 SYSTEMPATH\Commands\Server\rewrite.php(47): require_once('C:\\laragon\\www\\Colegio_de_PuertoGalera\\public\\index.php')
CRITICAL - 2024-04-15 17:05:50 --> Class "App\Controllers\ContactModel" not found
in APPPATH\Controllers\ContactController.php on line 26.
 1 SYSTEMPATH\CodeIgniter.php(919): App\Controllers\ContactController->sendEmail()
 2 SYSTEMPATH\CodeIgniter.php(494): CodeIgniter\CodeIgniter->runController(Object(App\Controllers\ContactController))
 3 SYSTEMPATH\CodeIgniter.php(353): CodeIgniter\CodeIgniter->handleRequest(null, Object(Config\Cache), false)
 4 FCPATH\index.php(79): CodeIgniter\CodeIgniter->run()
 5 SYSTEMPATH\Commands\Server\rewrite.php(47): require_once('C:\\laragon\\www\\Colegio_de_PuertoGalera\\public\\index.php')
