CRITICAL - 2024-02-20 03:51:59 --> Invalid file: "layout.php"
in SYSTEMPATH\Exceptions\FrameworkException.php on line 39.
 1 SYSTEMPATH\View\View.php(214): CodeIgniter\Exceptions\FrameworkException::forInvalidFile('layout.php')
 2 SYSTEMPATH\View\View.php(242): CodeIgniter\View\View->render('layout', [], true)
 3 SYSTEMPATH\Common.php(1188): CodeIgniter\View\View->render('enrollment/currentenroll', [], true)
 4 APPPATH\Controllers\ApplicationFormController.php(17): view('enrollment/currentenroll')
 5 SYSTEMPATH\CodeIgniter.php(919): App\Controllers\ApplicationFormController->currentenroll()
 6 SYSTEMPATH\CodeIgniter.php(494): CodeIgniter\CodeIgniter->runController(Object(App\Controllers\ApplicationFormController))
 7 SYSTEMPATH\CodeIgniter.php(353): CodeIgniter\CodeIgniter->handleRequest(null, Object(Config\Cache), false)
 8 FCPATH\index.php(79): CodeIgniter\CodeIgniter->run()
 9 SYSTEMPATH\Commands\Server\rewrite.php(47): require_once('C:\\laragon\\www\\Colegio_de_PuertoGalera\\public\\index.php')
CRITICAL - 2024-02-20 03:52:23 --> View themes, no current section.
in SYSTEMPATH\View\View.php on line 423.
 1 APPPATH\Views\enrollment\currentenroll.php(76): CodeIgniter\View\View->endSection()
 2 SYSTEMPATH\View\View.php(226): include('C:\\laragon\\www\\Colegio_de_PuertoGalera\\app\\Views\\enrollment\\currentenroll.php')
 3 SYSTEMPATH\View\View.php(229): CodeIgniter\View\View->CodeIgniter\View\{closure}()
 4 SYSTEMPATH\Common.php(1188): CodeIgniter\View\View->render('enrollment/currentenroll', [], true)
 5 APPPATH\Controllers\ApplicationFormController.php(17): view('enrollment/currentenroll')
 6 SYSTEMPATH\CodeIgniter.php(919): App\Controllers\ApplicationFormController->currentenroll()
 7 SYSTEMPATH\CodeIgniter.php(494): CodeIgniter\CodeIgniter->runController(Object(App\Controllers\ApplicationFormController))
 8 SYSTEMPATH\CodeIgniter.php(353): CodeIgniter\CodeIgniter->handleRequest(null, Object(Config\Cache), false)
 9 FCPATH\index.php(79): CodeIgniter\CodeIgniter->run()
10 SYSTEMPATH\Commands\Server\rewrite.php(47): require_once('C:\\laragon\\www\\Colegio_de_PuertoGalera\\public\\index.php')
CRITICAL - 2024-02-20 05:07:48 --> Invalid file: "enrollment/sidenav.php"
in SYSTEMPATH\Exceptions\FrameworkException.php on line 39.
 1 SYSTEMPATH\View\View.php(214): CodeIgniter\Exceptions\FrameworkException::forInvalidFile('enrollment/sidenav.php')
 2 SYSTEMPATH\Common.php(1188): CodeIgniter\View\View->render('enrollment/sidenav', [], true)
 3 APPPATH\Controllers\ApplicationFormController.php(22): view('enrollment/sidenav')
 4 SYSTEMPATH\CodeIgniter.php(919): App\Controllers\ApplicationFormController->sidenav()
 5 SYSTEMPATH\CodeIgniter.php(494): CodeIgniter\CodeIgniter->runController(Object(App\Controllers\ApplicationFormController))
 6 SYSTEMPATH\CodeIgniter.php(353): CodeIgniter\CodeIgniter->handleRequest(null, Object(Config\Cache), false)
 7 FCPATH\index.php(79): CodeIgniter\CodeIgniter->run()
 8 SYSTEMPATH\Commands\Server\rewrite.php(47): require_once('C:\\laragon\\www\\Colegio_de_PuertoGalera\\public\\index.php')
CRITICAL - 2024-02-20 05:16:59 --> Invalid file: "enrollment/appllicationForm.php"
in SYSTEMPATH\Exceptions\FrameworkException.php on line 39.
 1 SYSTEMPATH\View\View.php(214): CodeIgniter\Exceptions\FrameworkException::forInvalidFile('enrollment/appllicationForm.php')
 2 SYSTEMPATH\View\View.php(467): CodeIgniter\View\View->render('enrollment/appllicationForm', null, true)
 3 APPPATH\Views\enrollment\index.php(117): CodeIgniter\View\View->include('enrollment/appllicationForm')
 4 SYSTEMPATH\View\View.php(226): include('C:\\laragon\\www\\Colegio_de_PuertoGalera\\app\\Views\\enrollment\\index.php')
 5 SYSTEMPATH\View\View.php(229): CodeIgniter\View\View->CodeIgniter\View\{closure}()
 6 SYSTEMPATH\Common.php(1188): CodeIgniter\View\View->render('enrollment/index', [], true)
 7 APPPATH\Controllers\ApplicationFormController.php(22): view('enrollment/index')
 8 SYSTEMPATH\CodeIgniter.php(919): App\Controllers\ApplicationFormController->sidenav()
 9 SYSTEMPATH\CodeIgniter.php(494): CodeIgniter\CodeIgniter->runController(Object(App\Controllers\ApplicationFormController))
10 SYSTEMPATH\CodeIgniter.php(353): CodeIgniter\CodeIgniter->handleRequest(null, Object(Config\Cache), false)
11 FCPATH\index.php(79): CodeIgniter\CodeIgniter->run()
12 SYSTEMPATH\Commands\Server\rewrite.php(47): require_once('C:\\laragon\\www\\Colegio_de_PuertoGalera\\public\\index.php')
