CRITICAL - 2024-04-09 00:54:02 --> Undefined variable $teacher
in APPPATH\Views\admin\addteachers.php on line 110.
 1 APPPATH\Views\admin\addteachers.php(110): CodeIgniter\Debug\Exceptions->errorHandler(2, 'Undefined variable $teacher', 'C:\\laragon\\www\\Colegio_de_PuertoGalera\\app\\Views\\admin\\addteachers.php', 110)
 2 SYSTEMPATH\View\View.php(226): include('C:\\laragon\\www\\Colegio_de_PuertoGalera\\app\\Views\\admin\\addteachers.php')
 3 SYSTEMPATH\View\View.php(229): CodeIgniter\View\View->CodeIgniter\View\{closure}()
 4 SYSTEMPATH\Common.php(1188): CodeIgniter\View\View->render('admin/addteachers', [], true)
 5 APPPATH\Controllers\TeacherController.php(14): view('admin/addteachers')
 6 SYSTEMPATH\CodeIgniter.php(919): App\Controllers\TeacherController->teacher()
 7 SYSTEMPATH\CodeIgniter.php(494): CodeIgniter\CodeIgniter->runController(Object(App\Controllers\TeacherController))
 8 SYSTEMPATH\CodeIgniter.php(353): CodeIgniter\CodeIgniter->handleRequest(null, Object(Config\Cache), false)
 9 FCPATH\index.php(79): CodeIgniter\CodeIgniter->run()
10 SYSTEMPATH\Commands\Server\rewrite.php(47): require_once('C:\\laragon\\www\\Colegio_de_PuertoGalera\\public\\index.php')
CRITICAL - 2024-04-09 01:01:09 --> Too few arguments to function App\Controllers\TeacherController::teacher(), 0 passed in C:\laragon\www\Colegio_de_PuertoGalera\system\CodeIgniter.php on line 919 and exactly 1 expected
in APPPATH\Controllers\TeacherController.php on line 11.
 1 SYSTEMPATH\CodeIgniter.php(919): App\Controllers\TeacherController->teacher()
 2 SYSTEMPATH\CodeIgniter.php(494): CodeIgniter\CodeIgniter->runController(Object(App\Controllers\TeacherController))
 3 SYSTEMPATH\CodeIgniter.php(353): CodeIgniter\CodeIgniter->handleRequest(null, Object(Config\Cache), false)
 4 FCPATH\index.php(79): CodeIgniter\CodeIgniter->run()
 5 SYSTEMPATH\Commands\Server\rewrite.php(47): require_once('C:\\laragon\\www\\Colegio_de_PuertoGalera\\public\\index.php')
CRITICAL - 2024-04-09 01:03:12 --> Undefined variable $id
in APPPATH\Controllers\TeacherController.php on line 16.
 1 APPPATH\Controllers\TeacherController.php(16): CodeIgniter\Debug\Exceptions->errorHandler(2, 'Undefined variable $id', 'C:\\laragon\\www\\Colegio_de_PuertoGalera\\app\\Controllers\\TeacherController.php', 16)
 2 SYSTEMPATH\CodeIgniter.php(919): App\Controllers\TeacherController->teacher()
 3 SYSTEMPATH\CodeIgniter.php(494): CodeIgniter\CodeIgniter->runController(Object(App\Controllers\TeacherController))
 4 SYSTEMPATH\CodeIgniter.php(353): CodeIgniter\CodeIgniter->handleRequest(null, Object(Config\Cache), false)
 5 FCPATH\index.php(79): CodeIgniter\CodeIgniter->run()
 6 SYSTEMPATH\Commands\Server\rewrite.php(47): require_once('C:\\laragon\\www\\Colegio_de_PuertoGalera\\public\\index.php')
CRITICAL - 2024-04-09 01:03:13 --> Undefined variable $id
in APPPATH\Controllers\TeacherController.php on line 16.
 1 APPPATH\Controllers\TeacherController.php(16): CodeIgniter\Debug\Exceptions->errorHandler(2, 'Undefined variable $id', 'C:\\laragon\\www\\Colegio_de_PuertoGalera\\app\\Controllers\\TeacherController.php', 16)
 2 SYSTEMPATH\CodeIgniter.php(919): App\Controllers\TeacherController->teacher()
 3 SYSTEMPATH\CodeIgniter.php(494): CodeIgniter\CodeIgniter->runController(Object(App\Controllers\TeacherController))
 4 SYSTEMPATH\CodeIgniter.php(353): CodeIgniter\CodeIgniter->handleRequest(null, Object(Config\Cache), false)
 5 FCPATH\index.php(79): CodeIgniter\CodeIgniter->run()
 6 SYSTEMPATH\Commands\Server\rewrite.php(47): require_once('C:\\laragon\\www\\Colegio_de_PuertoGalera\\public\\index.php')
CRITICAL - 2024-04-09 01:08:24 --> Trying to access array offset on value of type null
in APPPATH\Views\include\teacherstable.php on line 30.
 1 APPPATH\Views\include\teacherstable.php(30): CodeIgniter\Debug\Exceptions->errorHandler(2, 'Trying to access array offset on value of type null', 'C:\\laragon\\www\\Colegio_de_PuertoGalera\\app\\Views\\include\\teacherstable.php', 30)
 2 SYSTEMPATH\View\View.php(226): include('C:\\laragon\\www\\Colegio_de_PuertoGalera\\app\\Views\\include\\teacherstable.php')
 3 SYSTEMPATH\View\View.php(229): CodeIgniter\View\View->CodeIgniter\View\{closure}()
 4 SYSTEMPATH\Common.php(1188): CodeIgniter\View\View->render('include/teacherstable', [], true)
 5 APPPATH\Controllers\TeacherController.php(67): view('include/teacherstable', [...])
 6 SYSTEMPATH\CodeIgniter.php(919): App\Controllers\TeacherController->show('$1')
 7 SYSTEMPATH\CodeIgniter.php(494): CodeIgniter\CodeIgniter->runController(Object(App\Controllers\TeacherController))
 8 SYSTEMPATH\CodeIgniter.php(353): CodeIgniter\CodeIgniter->handleRequest(null, Object(Config\Cache), false)
 9 FCPATH\index.php(79): CodeIgniter\CodeIgniter->run()
10 SYSTEMPATH\Commands\Server\rewrite.php(47): require_once('C:\\laragon\\www\\Colegio_de_PuertoGalera\\public\\index.php')
CRITICAL - 2024-04-09 02:17:25 --> Trying to access array offset on value of type null
in APPPATH\Views\include\teacherstable.php on line 30.
 1 APPPATH\Views\include\teacherstable.php(30): CodeIgniter\Debug\Exceptions->errorHandler(2, 'Trying to access array offset on value of type null', 'C:\\laragon\\www\\Colegio_de_PuertoGalera\\app\\Views\\include\\teacherstable.php', 30)
 2 SYSTEMPATH\View\View.php(226): include('C:\\laragon\\www\\Colegio_de_PuertoGalera\\app\\Views\\include\\teacherstable.php')
 3 SYSTEMPATH\View\View.php(229): CodeIgniter\View\View->CodeIgniter\View\{closure}()
 4 SYSTEMPATH\Common.php(1188): CodeIgniter\View\View->render('include/teacherstable', [], true)
 5 APPPATH\Controllers\TeacherController.php(67): view('include/teacherstable', [...])
 6 SYSTEMPATH\CodeIgniter.php(919): App\Controllers\TeacherController->show('$1')
 7 SYSTEMPATH\CodeIgniter.php(494): CodeIgniter\CodeIgniter->runController(Object(App\Controllers\TeacherController))
 8 SYSTEMPATH\CodeIgniter.php(353): CodeIgniter\CodeIgniter->handleRequest(null, Object(Config\Cache), false)
 9 FCPATH\index.php(79): CodeIgniter\CodeIgniter->run()
10 SYSTEMPATH\Commands\Server\rewrite.php(47): require_once('C:\\laragon\\www\\Colegio_de_PuertoGalera\\public\\index.php')
CRITICAL - 2024-04-09 02:58:46 --> Undefined variable $teachers
in APPPATH\Views\admin\addteachers.php on line 109.
 1 APPPATH\Views\admin\addteachers.php(109): CodeIgniter\Debug\Exceptions->errorHandler(2, 'Undefined variable $teachers', 'C:\\laragon\\www\\Colegio_de_PuertoGalera\\app\\Views\\admin\\addteachers.php', 109)
 2 SYSTEMPATH\View\View.php(226): include('C:\\laragon\\www\\Colegio_de_PuertoGalera\\app\\Views\\admin\\addteachers.php')
 3 SYSTEMPATH\View\View.php(229): CodeIgniter\View\View->CodeIgniter\View\{closure}()
 4 SYSTEMPATH\Common.php(1188): CodeIgniter\View\View->render('admin/addteachers', [], true)
 5 APPPATH\Controllers\TeacherController.php(20): view('admin/addteachers', [...])
 6 SYSTEMPATH\CodeIgniter.php(919): App\Controllers\TeacherController->teacher()
 7 SYSTEMPATH\CodeIgniter.php(494): CodeIgniter\CodeIgniter->runController(Object(App\Controllers\TeacherController))
 8 SYSTEMPATH\CodeIgniter.php(353): CodeIgniter\CodeIgniter->handleRequest(null, Object(Config\Cache), false)
 9 FCPATH\index.php(79): CodeIgniter\CodeIgniter->run()
10 SYSTEMPATH\Commands\Server\rewrite.php(47): require_once('C:\\laragon\\www\\Colegio_de_PuertoGalera\\public\\index.php')
CRITICAL - 2024-04-09 02:58:47 --> Undefined variable $teachers
in APPPATH\Views\admin\addteachers.php on line 109.
 1 APPPATH\Views\admin\addteachers.php(109): CodeIgniter\Debug\Exceptions->errorHandler(2, 'Undefined variable $teachers', 'C:\\laragon\\www\\Colegio_de_PuertoGalera\\app\\Views\\admin\\addteachers.php', 109)
 2 SYSTEMPATH\View\View.php(226): include('C:\\laragon\\www\\Colegio_de_PuertoGalera\\app\\Views\\admin\\addteachers.php')
 3 SYSTEMPATH\View\View.php(229): CodeIgniter\View\View->CodeIgniter\View\{closure}()
 4 SYSTEMPATH\Common.php(1188): CodeIgniter\View\View->render('admin/addteachers', [], true)
 5 APPPATH\Controllers\TeacherController.php(20): view('admin/addteachers', [...])
 6 SYSTEMPATH\CodeIgniter.php(919): App\Controllers\TeacherController->teacher()
 7 SYSTEMPATH\CodeIgniter.php(494): CodeIgniter\CodeIgniter->runController(Object(App\Controllers\TeacherController))
 8 SYSTEMPATH\CodeIgniter.php(353): CodeIgniter\CodeIgniter->handleRequest(null, Object(Config\Cache), false)
 9 FCPATH\index.php(79): CodeIgniter\CodeIgniter->run()
10 SYSTEMPATH\Commands\Server\rewrite.php(47): require_once('C:\\laragon\\www\\Colegio_de_PuertoGalera\\public\\index.php')
ERROR - 2024-04-09 14:44:55 --> Error connecting to the database: mysqli_sql_exception: No connection could be made because the target machine actively refused it in C:\laragon\www\Colegio_de_PuertoGalera\system\Database\MySQLi\Connection.php:185
Stack trace:
#0 C:\laragon\www\Colegio_de_PuertoGalera\system\Database\MySQLi\Connection.php(185): mysqli->real_connect('localhost', 'root', '', 'colegiodb', 3306, '', 0)
#1 C:\laragon\www\Colegio_de_PuertoGalera\system\Database\BaseConnection.php(391): CodeIgniter\Database\MySQLi\Connection->connect(false)
#2 C:\laragon\www\Colegio_de_PuertoGalera\system\Database\BaseConnection.php(574): CodeIgniter\Database\BaseConnection->initialize()
#3 C:\laragon\www\Colegio_de_PuertoGalera\system\Database\BaseBuilder.php(1615): CodeIgniter\Database\BaseConnection->query('SELECT *\nFROM `...', Array, false)
#4 C:\laragon\www\Colegio_de_PuertoGalera\system\Model.php(237): CodeIgniter\Database\BaseBuilder->get()
#5 C:\laragon\www\Colegio_de_PuertoGalera\system\BaseModel.php(624): CodeIgniter\Model->doFindAll(0, 0)
#6 C:\laragon\www\Colegio_de_PuertoGalera\app\Controllers\Home.php(13): CodeIgniter\BaseModel->findAll()
#7 C:\laragon\www\Colegio_de_PuertoGalera\system\CodeIgniter.php(919): App\Controllers\Home->index()
#8 C:\laragon\www\Colegio_de_PuertoGalera\system\CodeIgniter.php(494): CodeIgniter\CodeIgniter->runController(Object(App\Controllers\Home))
#9 C:\laragon\www\Colegio_de_PuertoGalera\system\CodeIgniter.php(353): CodeIgniter\CodeIgniter->handleRequest(NULL, Object(Config\Cache), false)
#10 C:\laragon\www\Colegio_de_PuertoGalera\public\index.php(79): CodeIgniter\CodeIgniter->run()
#11 C:\laragon\www\Colegio_de_PuertoGalera\system\Commands\Server\rewrite.php(47): require_once('C:\\laragon\\www\\...')
#12 {main}

Next CodeIgniter\Database\Exceptions\DatabaseException: No connection could be made because the target machine actively refused it in C:\laragon\www\Colegio_de_PuertoGalera\system\Database\MySQLi\Connection.php:229
Stack trace:
#0 C:\laragon\www\Colegio_de_PuertoGalera\system\Database\BaseConnection.php(391): CodeIgniter\Database\MySQLi\Connection->connect(false)
#1 C:\laragon\www\Colegio_de_PuertoGalera\system\Database\BaseConnection.php(574): CodeIgniter\Database\BaseConnection->initialize()
#2 C:\laragon\www\Colegio_de_PuertoGalera\system\Database\BaseBuilder.php(1615): CodeIgniter\Database\BaseConnection->query('SELECT *\nFROM `...', Array, false)
#3 C:\laragon\www\Colegio_de_PuertoGalera\system\Model.php(237): CodeIgniter\Database\BaseBuilder->get()
#4 C:\laragon\www\Colegio_de_PuertoGalera\system\BaseModel.php(624): CodeIgniter\Model->doFindAll(0, 0)
#5 C:\laragon\www\Colegio_de_PuertoGalera\app\Controllers\Home.php(13): CodeIgniter\BaseModel->findAll()
#6 C:\laragon\www\Colegio_de_PuertoGalera\system\CodeIgniter.php(919): App\Controllers\Home->index()
#7 C:\laragon\www\Colegio_de_PuertoGalera\system\CodeIgniter.php(494): CodeIgniter\CodeIgniter->runController(Object(App\Controllers\Home))
#8 C:\laragon\www\Colegio_de_PuertoGalera\system\CodeIgniter.php(353): CodeIgniter\CodeIgniter->handleRequest(NULL, Object(Config\Cache), false)
#9 C:\laragon\www\Colegio_de_PuertoGalera\public\index.php(79): CodeIgniter\CodeIgniter->run()
#10 C:\laragon\www\Colegio_de_PuertoGalera\system\Commands\Server\rewrite.php(47): require_once('C:\\laragon\\www\\...')
#11 {main}
CRITICAL - 2024-04-09 14:44:55 --> Unable to connect to the database.
Main connection [MySQLi]: No connection could be made because the target machine actively refused it
in SYSTEMPATH\Database\BaseConnection.php on line 427.
 1 SYSTEMPATH\Database\BaseConnection.php(574): CodeIgniter\Database\BaseConnection->initialize()
 2 SYSTEMPATH\Database\BaseBuilder.php(1615): CodeIgniter\Database\BaseConnection->query('SELECT *
FROM `teachers`', [], false)
 3 SYSTEMPATH\Model.php(237): CodeIgniter\Database\BaseBuilder->get()
 4 SYSTEMPATH\BaseModel.php(624): CodeIgniter\Model->doFindAll(0, 0)
 5 APPPATH\Controllers\Home.php(13): CodeIgniter\BaseModel->findAll()
 6 SYSTEMPATH\CodeIgniter.php(919): App\Controllers\Home->index()
 7 SYSTEMPATH\CodeIgniter.php(494): CodeIgniter\CodeIgniter->runController(Object(App\Controllers\Home))
 8 SYSTEMPATH\CodeIgniter.php(353): CodeIgniter\CodeIgniter->handleRequest(null, Object(Config\Cache), false)
 9 FCPATH\index.php(79): CodeIgniter\CodeIgniter->run()
10 SYSTEMPATH\Commands\Server\rewrite.php(47): require_once('C:\\laragon\\www\\Colegio_de_PuertoGalera\\public\\index.php')
