CRITICAL - 2024-04-04 04:00:26 --> Class "App\Controllers\PerosanlDataExam" not found
in APPPATH\Controllers\ApplicationFormController.php on line 27.
 1 SYSTEMPATH\CodeIgniter.php(919): App\Controllers\ApplicationFormController->sidenav()
 2 SYSTEMPATH\CodeIgniter.php(494): CodeIgniter\CodeIgniter->runController(Object(App\Controllers\ApplicationFormController))
 3 SYSTEMPATH\CodeIgniter.php(353): CodeIgniter\CodeIgniter->handleRequest(null, Object(Config\Cache), false)
 4 FCPATH\index.php(79): CodeIgniter\CodeIgniter->run()
 5 SYSTEMPATH\Commands\Server\rewrite.php(47): require_once('C:\\laragon\\www\\Colegio_de_PuertoGalera\\public\\index.php')
CRITICAL - 2024-04-04 04:03:02 --> Class "App\Controllers\PerosanlDataExam" not found
in APPPATH\Controllers\ApplicationFormController.php on line 27.
 1 SYSTEMPATH\CodeIgniter.php(919): App\Controllers\ApplicationFormController->sidenav()
 2 SYSTEMPATH\CodeIgniter.php(494): CodeIgniter\CodeIgniter->runController(Object(App\Controllers\ApplicationFormController))
 3 SYSTEMPATH\CodeIgniter.php(353): CodeIgniter\CodeIgniter->handleRequest(null, Object(Config\Cache), false)
 4 FCPATH\index.php(79): CodeIgniter\CodeIgniter->run()
 5 SYSTEMPATH\Commands\Server\rewrite.php(47): require_once('C:\\laragon\\www\\Colegio_de_PuertoGalera\\public\\index.php')
CRITICAL - 2024-04-04 04:15:33 --> You must supply the parameters: from, to.
in SYSTEMPATH\Router\RouteCollection.php on line 994.
 1 APPPATH\Config\Routes.php(26): CodeIgniter\Router\RouteCollection->match([...], 'ApplicationFormController::sidenav')
 2 SYSTEMPATH\Router\RouteCollection.php(339): require('C:\\laragon\\www\\Colegio_de_PuertoGalera\\app\\Config\\Routes.php')
 3 SYSTEMPATH\CodeIgniter.php(787): CodeIgniter\Router\RouteCollection->loadRoutes()
 4 SYSTEMPATH\CodeIgniter.php(442): CodeIgniter\CodeIgniter->tryToRouteIt(null)
 5 SYSTEMPATH\CodeIgniter.php(353): CodeIgniter\CodeIgniter->handleRequest(null, Object(Config\Cache), false)
 6 FCPATH\index.php(79): CodeIgniter\CodeIgniter->run()
 7 SYSTEMPATH\Commands\Server\rewrite.php(47): require_once('C:\\laragon\\www\\Colegio_de_PuertoGalera\\public\\index.php')
CRITICAL - 2024-04-04 04:15:35 --> You must supply the parameters: from, to.
in SYSTEMPATH\Router\RouteCollection.php on line 994.
 1 APPPATH\Config\Routes.php(26): CodeIgniter\Router\RouteCollection->match([...], 'ApplicationFormController::sidenav')
 2 SYSTEMPATH\Router\RouteCollection.php(339): require('C:\\laragon\\www\\Colegio_de_PuertoGalera\\app\\Config\\Routes.php')
 3 SYSTEMPATH\CodeIgniter.php(787): CodeIgniter\Router\RouteCollection->loadRoutes()
 4 SYSTEMPATH\CodeIgniter.php(442): CodeIgniter\CodeIgniter->tryToRouteIt(null)
 5 SYSTEMPATH\CodeIgniter.php(353): CodeIgniter\CodeIgniter->handleRequest(null, Object(Config\Cache), false)
 6 FCPATH\index.php(79): CodeIgniter\CodeIgniter->run()
 7 SYSTEMPATH\Commands\Server\rewrite.php(47): require_once('C:\\laragon\\www\\Colegio_de_PuertoGalera\\public\\index.php')
CRITICAL - 2024-04-04 04:15:37 --> You must supply the parameters: from, to.
in SYSTEMPATH\Router\RouteCollection.php on line 994.
 1 APPPATH\Config\Routes.php(26): CodeIgniter\Router\RouteCollection->match([...], 'ApplicationFormController::sidenav')
 2 SYSTEMPATH\Router\RouteCollection.php(339): require('C:\\laragon\\www\\Colegio_de_PuertoGalera\\app\\Config\\Routes.php')
 3 SYSTEMPATH\CodeIgniter.php(787): CodeIgniter\Router\RouteCollection->loadRoutes()
 4 SYSTEMPATH\CodeIgniter.php(442): CodeIgniter\CodeIgniter->tryToRouteIt(null)
 5 SYSTEMPATH\CodeIgniter.php(353): CodeIgniter\CodeIgniter->handleRequest(null, Object(Config\Cache), false)
 6 FCPATH\index.php(79): CodeIgniter\CodeIgniter->run()
 7 SYSTEMPATH\Commands\Server\rewrite.php(47): require_once('C:\\laragon\\www\\Colegio_de_PuertoGalera\\public\\index.php')
CRITICAL - 2024-04-04 04:15:41 --> You must supply the parameters: from, to.
in SYSTEMPATH\Router\RouteCollection.php on line 994.
 1 APPPATH\Config\Routes.php(26): CodeIgniter\Router\RouteCollection->match([...], 'ApplicationFormController::sidenav')
 2 SYSTEMPATH\Router\RouteCollection.php(339): require('C:\\laragon\\www\\Colegio_de_PuertoGalera\\app\\Config\\Routes.php')
 3 SYSTEMPATH\CodeIgniter.php(787): CodeIgniter\Router\RouteCollection->loadRoutes()
 4 SYSTEMPATH\CodeIgniter.php(442): CodeIgniter\CodeIgniter->tryToRouteIt(null)
 5 SYSTEMPATH\CodeIgniter.php(353): CodeIgniter\CodeIgniter->handleRequest(null, Object(Config\Cache), false)
 6 FCPATH\index.php(79): CodeIgniter\CodeIgniter->run()
 7 SYSTEMPATH\Commands\Server\rewrite.php(47): require_once('C:\\laragon\\www\\Colegio_de_PuertoGalera\\public\\index.php')
CRITICAL - 2024-04-04 04:28:51 --> Undefined array key "q49"
in APPPATH\Controllers\ExamController.php on line 83.
 1 APPPATH\Controllers\ExamController.php(83): CodeIgniter\Debug\Exceptions->errorHandler(2, 'Undefined array key "q49"', 'C:\\laragon\\www\\Colegio_de_PuertoGalera\\app\\Controllers\\ExamController.php', 83)
 2 SYSTEMPATH\CodeIgniter.php(919): App\Controllers\ExamController->submitExam()
 3 SYSTEMPATH\CodeIgniter.php(494): CodeIgniter\CodeIgniter->runController(Object(App\Controllers\ExamController))
 4 SYSTEMPATH\CodeIgniter.php(353): CodeIgniter\CodeIgniter->handleRequest(null, Object(Config\Cache), false)
 5 FCPATH\index.php(79): CodeIgniter\CodeIgniter->run()
 6 SYSTEMPATH\Commands\Server\rewrite.php(47): require_once('C:\\laragon\\www\\Colegio_de_PuertoGalera\\public\\index.php')
