CRITICAL - 2024-04-06 14:49:39 --> Undefined variable $message
in APPPATH\Views\enrollment\currentenroll.php on line 96.
 1 APPPATH\Views\enrollment\currentenroll.php(96): CodeIgniter\Debug\Exceptions->errorHandler(2, 'Undefined variable $message', 'C:\\laragon\\www\\Colegio_de_PuertoGalera\\app\\Views\\enrollment\\currentenroll.php', 96)
 2 SYSTEMPATH\View\View.php(226): include('C:\\laragon\\www\\Colegio_de_PuertoGalera\\app\\Views\\enrollment\\currentenroll.php')
 3 SYSTEMPATH\View\View.php(229): CodeIgniter\View\View->CodeIgniter\View\{closure}()
 4 SYSTEMPATH\Common.php(1188): CodeIgniter\View\View->render('enrollment/currentenroll', [], true)
 5 APPPATH\Controllers\ApplicationFormController.php(18): view('enrollment/currentenroll')
 6 SYSTEMPATH\CodeIgniter.php(919): App\Controllers\ApplicationFormController->currentenroll()
 7 SYSTEMPATH\CodeIgniter.php(494): CodeIgniter\CodeIgniter->runController(Object(App\Controllers\ApplicationFormController))
 8 SYSTEMPATH\CodeIgniter.php(353): CodeIgniter\CodeIgniter->handleRequest(null, Object(Config\Cache), false)
 9 FCPATH\index.php(79): CodeIgniter\CodeIgniter->run()
10 SYSTEMPATH\Commands\Server\rewrite.php(47): require_once('C:\\laragon\\www\\Colegio_de_PuertoGalera\\public\\index.php')
CRITICAL - 2024-04-06 14:50:50 --> Undefined variable $message
in APPPATH\Views\enrollment\currentenroll.php on line 96.
 1 APPPATH\Views\enrollment\currentenroll.php(96): CodeIgniter\Debug\Exceptions->errorHandler(2, 'Undefined variable $message', 'C:\\laragon\\www\\Colegio_de_PuertoGalera\\app\\Views\\enrollment\\currentenroll.php', 96)
 2 SYSTEMPATH\View\View.php(226): include('C:\\laragon\\www\\Colegio_de_PuertoGalera\\app\\Views\\enrollment\\currentenroll.php')
 3 SYSTEMPATH\View\View.php(229): CodeIgniter\View\View->CodeIgniter\View\{closure}()
 4 SYSTEMPATH\Common.php(1188): CodeIgniter\View\View->render('enrollment/currentenroll', [], true)
 5 APPPATH\Controllers\ApplicationFormController.php(19): view('enrollment/currentenroll')
 6 SYSTEMPATH\CodeIgniter.php(919): App\Controllers\ApplicationFormController->currentenroll()
 7 SYSTEMPATH\CodeIgniter.php(494): CodeIgniter\CodeIgniter->runController(Object(App\Controllers\ApplicationFormController))
 8 SYSTEMPATH\CodeIgniter.php(353): CodeIgniter\CodeIgniter->handleRequest(null, Object(Config\Cache), false)
 9 FCPATH\index.php(79): CodeIgniter\CodeIgniter->run()
10 SYSTEMPATH\Commands\Server\rewrite.php(47): require_once('C:\\laragon\\www\\Colegio_de_PuertoGalera\\public\\index.php')
CRITICAL - 2024-04-06 14:50:53 --> Undefined variable $message
in APPPATH\Views\enrollment\currentenroll.php on line 96.
 1 APPPATH\Views\enrollment\currentenroll.php(96): CodeIgniter\Debug\Exceptions->errorHandler(2, 'Undefined variable $message', 'C:\\laragon\\www\\Colegio_de_PuertoGalera\\app\\Views\\enrollment\\currentenroll.php', 96)
 2 SYSTEMPATH\View\View.php(226): include('C:\\laragon\\www\\Colegio_de_PuertoGalera\\app\\Views\\enrollment\\currentenroll.php')
 3 SYSTEMPATH\View\View.php(229): CodeIgniter\View\View->CodeIgniter\View\{closure}()
 4 SYSTEMPATH\Common.php(1188): CodeIgniter\View\View->render('enrollment/currentenroll', [], true)
 5 APPPATH\Controllers\ApplicationFormController.php(19): view('enrollment/currentenroll')
 6 SYSTEMPATH\CodeIgniter.php(919): App\Controllers\ApplicationFormController->currentenroll()
 7 SYSTEMPATH\CodeIgniter.php(494): CodeIgniter\CodeIgniter->runController(Object(App\Controllers\ApplicationFormController))
 8 SYSTEMPATH\CodeIgniter.php(353): CodeIgniter\CodeIgniter->handleRequest(null, Object(Config\Cache), false)
 9 FCPATH\index.php(79): CodeIgniter\CodeIgniter->run()
10 SYSTEMPATH\Commands\Server\rewrite.php(47): require_once('C:\\laragon\\www\\Colegio_de_PuertoGalera\\public\\index.php')
CRITICAL - 2024-04-06 14:50:54 --> Undefined variable $message
in APPPATH\Views\enrollment\currentenroll.php on line 96.
 1 APPPATH\Views\enrollment\currentenroll.php(96): CodeIgniter\Debug\Exceptions->errorHandler(2, 'Undefined variable $message', 'C:\\laragon\\www\\Colegio_de_PuertoGalera\\app\\Views\\enrollment\\currentenroll.php', 96)
 2 SYSTEMPATH\View\View.php(226): include('C:\\laragon\\www\\Colegio_de_PuertoGalera\\app\\Views\\enrollment\\currentenroll.php')
 3 SYSTEMPATH\View\View.php(229): CodeIgniter\View\View->CodeIgniter\View\{closure}()
 4 SYSTEMPATH\Common.php(1188): CodeIgniter\View\View->render('enrollment/currentenroll', [], true)
 5 APPPATH\Controllers\ApplicationFormController.php(19): view('enrollment/currentenroll')
 6 SYSTEMPATH\CodeIgniter.php(919): App\Controllers\ApplicationFormController->currentenroll()
 7 SYSTEMPATH\CodeIgniter.php(494): CodeIgniter\CodeIgniter->runController(Object(App\Controllers\ApplicationFormController))
 8 SYSTEMPATH\CodeIgniter.php(353): CodeIgniter\CodeIgniter->handleRequest(null, Object(Config\Cache), false)
 9 FCPATH\index.php(79): CodeIgniter\CodeIgniter->run()
10 SYSTEMPATH\Commands\Server\rewrite.php(47): require_once('C:\\laragon\\www\\Colegio_de_PuertoGalera\\public\\index.php')
CRITICAL - 2024-04-06 14:52:19 --> Undefined variable $examExists
in APPPATH\Views\enrollment\currentenroll.php on line 112.
 1 APPPATH\Views\enrollment\currentenroll.php(112): CodeIgniter\Debug\Exceptions->errorHandler(2, 'Undefined variable $examExists', 'C:\\laragon\\www\\Colegio_de_PuertoGalera\\app\\Views\\enrollment\\currentenroll.php', 112)
 2 SYSTEMPATH\View\View.php(226): include('C:\\laragon\\www\\Colegio_de_PuertoGalera\\app\\Views\\enrollment\\currentenroll.php')
 3 SYSTEMPATH\View\View.php(229): CodeIgniter\View\View->CodeIgniter\View\{closure}()
 4 SYSTEMPATH\Common.php(1188): CodeIgniter\View\View->render('enrollment/currentenroll', [], true)
 5 APPPATH\Controllers\ApplicationFormController.php(19): view('enrollment/currentenroll')
 6 SYSTEMPATH\CodeIgniter.php(919): App\Controllers\ApplicationFormController->currentenroll()
 7 SYSTEMPATH\CodeIgniter.php(494): CodeIgniter\CodeIgniter->runController(Object(App\Controllers\ApplicationFormController))
 8 SYSTEMPATH\CodeIgniter.php(353): CodeIgniter\CodeIgniter->handleRequest(null, Object(Config\Cache), false)
 9 FCPATH\index.php(79): CodeIgniter\CodeIgniter->run()
10 SYSTEMPATH\Commands\Server\rewrite.php(47): require_once('C:\\laragon\\www\\Colegio_de_PuertoGalera\\public\\index.php')
CRITICAL - 2024-04-06 14:53:09 --> Undefined variable $examExists
in APPPATH\Views\enrollment\currentenroll.php on line 112.
 1 APPPATH\Views\enrollment\currentenroll.php(112): CodeIgniter\Debug\Exceptions->errorHandler(2, 'Undefined variable $examExists', 'C:\\laragon\\www\\Colegio_de_PuertoGalera\\app\\Views\\enrollment\\currentenroll.php', 112)
 2 SYSTEMPATH\View\View.php(226): include('C:\\laragon\\www\\Colegio_de_PuertoGalera\\app\\Views\\enrollment\\currentenroll.php')
 3 SYSTEMPATH\View\View.php(229): CodeIgniter\View\View->CodeIgniter\View\{closure}()
 4 SYSTEMPATH\Common.php(1188): CodeIgniter\View\View->render('enrollment/currentenroll', [], true)
 5 APPPATH\Controllers\ApplicationFormController.php(19): view('enrollment/currentenroll')
 6 SYSTEMPATH\CodeIgniter.php(919): App\Controllers\ApplicationFormController->currentenroll()
 7 SYSTEMPATH\CodeIgniter.php(494): CodeIgniter\CodeIgniter->runController(Object(App\Controllers\ApplicationFormController))
 8 SYSTEMPATH\CodeIgniter.php(353): CodeIgniter\CodeIgniter->handleRequest(null, Object(Config\Cache), false)
 9 FCPATH\index.php(79): CodeIgniter\CodeIgniter->run()
10 SYSTEMPATH\Commands\Server\rewrite.php(47): require_once('C:\\laragon\\www\\Colegio_de_PuertoGalera\\public\\index.php')
CRITICAL - 2024-04-06 14:53:11 --> Undefined variable $examExists
in APPPATH\Views\enrollment\currentenroll.php on line 112.
 1 APPPATH\Views\enrollment\currentenroll.php(112): CodeIgniter\Debug\Exceptions->errorHandler(2, 'Undefined variable $examExists', 'C:\\laragon\\www\\Colegio_de_PuertoGalera\\app\\Views\\enrollment\\currentenroll.php', 112)
 2 SYSTEMPATH\View\View.php(226): include('C:\\laragon\\www\\Colegio_de_PuertoGalera\\app\\Views\\enrollment\\currentenroll.php')
 3 SYSTEMPATH\View\View.php(229): CodeIgniter\View\View->CodeIgniter\View\{closure}()
 4 SYSTEMPATH\Common.php(1188): CodeIgniter\View\View->render('enrollment/currentenroll', [], true)
 5 APPPATH\Controllers\ApplicationFormController.php(19): view('enrollment/currentenroll')
 6 SYSTEMPATH\CodeIgniter.php(919): App\Controllers\ApplicationFormController->currentenroll()
 7 SYSTEMPATH\CodeIgniter.php(494): CodeIgniter\CodeIgniter->runController(Object(App\Controllers\ApplicationFormController))
 8 SYSTEMPATH\CodeIgniter.php(353): CodeIgniter\CodeIgniter->handleRequest(null, Object(Config\Cache), false)
 9 FCPATH\index.php(79): CodeIgniter\CodeIgniter->run()
10 SYSTEMPATH\Commands\Server\rewrite.php(47): require_once('C:\\laragon\\www\\Colegio_de_PuertoGalera\\public\\index.php')
